<?xml version="1.0" encoding="UTF-8"?>
<testng-results skipped="0" failed="0" ignored="0" total="2" passed="2">
  <reporter-output>
  </reporter-output>
  <suite name="Smoke" duration-ms="94" started-at="2019-10-04T04:53:59Z" finished-at="2019-10-04T04:53:59Z">
    <groups>
    </groups>
    <test name="Test" duration-ms="94" started-at="2019-10-04T04:53:59Z" finished-at="2019-10-04T04:53:59Z">
      <class name="practice_1.ITestList_Practice">
        <test-method status="PASS" signature="login()[pri:0, instance:practice_1.ITestList_Practice@46d56d67]" name="login" duration-ms="15" started-at="2019-10-04T04:53:59Z" finished-at="2019-10-04T04:53:59Z">
          <reporter-output>
          </reporter-output>
        </test-method> <!-- login -->
        <test-method status="PASS" signature="login1()[pri:0, instance:practice_1.ITestList_Practice@46d56d67]" name="login1" duration-ms="0" started-at="2019-10-04T04:53:59Z" finished-at="2019-10-04T04:53:59Z">
          <reporter-output>
          </reporter-output>
        </test-method> <!-- login1 -->
      </class> <!-- practice_1.ITestList_Practice -->
    </test> <!-- Test -->
  </suite> <!-- Smoke -->
</testng-results>
